0 info it worked if it ends with ok
1 verbose cli [ '/usr/local/bin/node', '/usr/local/bin/npm', 'run', 'build' ]
2 info using npm@3.7.3
3 info using node@v5.0.0
4 verbose run-script [ 'prebuild', 'build', 'postbuild' ]
5 info lifecycle blogs@1.0.0~prebuild: blogs@1.0.0
6 silly lifecycle blogs@1.0.0~prebuild: no script for prebuild, continuing
7 info lifecycle blogs@1.0.0~build: blogs@1.0.0
8 verbose lifecycle blogs@1.0.0~build: unsafe-perm in lifecycle true
9 verbose lifecycle blogs@1.0.0~build: PATH: /usr/local/lib/node_modules/npm/bin/node-gyp-bin:/Users/baidu/blogs/node_modules/.bin:/usr/local/bin:/Users/baidu/bin/jcm_client:/Users/baidu/bin/subgit-3.1.0/bin:/Users/baidu/bin:/usr/local/bin:/usr/bin:/bin:/usr/sbin:/sbin
10 verbose lifecycle blogs@1.0.0~build: CWD: /Users/baidu/blogs
11 silly lifecycle blogs@1.0.0~build: Args: [ '-c', 'gulp build' ]
12 silly lifecycle blogs@1.0.0~build: Returned: code: 1  signal: null
13 info lifecycle blogs@1.0.0~build: Failed to exec build script
14 verbose stack Error: blogs@1.0.0 build: `gulp build`
14 verbose stack Exit status 1
14 verbose stack     at EventEmitter.<anonymous> (/usr/local/lib/node_modules/npm/lib/utils/lifecycle.js:239:16)
14 verbose stack     at emitTwo (events.js:87:13)
14 verbose stack     at EventEmitter.emit (events.js:172:7)
14 verbose stack     at ChildProcess.<anonymous> (/usr/local/lib/node_modules/npm/lib/utils/spawn.js:24:14)
14 verbose stack     at emitTwo (events.js:87:13)
14 verbose stack     at ChildProcess.emit (events.js:172:7)
14 verbose stack     at maybeClose (internal/child_process.js:818:16)
14 verbose stack     at Process.ChildProcess._handle.onexit (internal/child_process.js:211:5)
15 verbose pkgid blogs@1.0.0
16 verbose cwd /Users/baidu/blogs
17 error Darwin 15.4.0
18 error argv "/usr/local/bin/node" "/usr/local/bin/npm" "run" "build"
19 error node v5.0.0
20 error npm  v3.7.3
21 error code ELIFECYCLE
22 error blogs@1.0.0 build: `gulp build`
22 error Exit status 1
23 error Failed at the blogs@1.0.0 build script 'gulp build'.
23 error Make sure you have the latest version of node.js and npm installed.
23 error If you do, this is most likely a problem with the blogs package,
23 error not with npm itself.
23 error Tell the author that this fails on your system:
23 error     gulp build
23 error You can get information on how to open an issue for this project with:
23 error     npm bugs blogs
23 error Or if that isn't available, you can get their info via:
23 error     npm owner ls blogs
23 error There is likely additional logging output above.
24 verbose exit [ 1, true ]
